<?xml version="1.0" encoding="UTF-8"?>
<!-- Generated by org.testng.reporters.JUnitXMLReporter -->
<testsuite ignored="0" hostname="inlen8520080540" failures="0" tests="3" name="EdgeTest" time="10.08" errors="0" timestamp="2026-02-15T11:20:49 IST">
  <testcase classname="dataProviderAndParallel.ParamTest" name="testLogo" time="0.0">
    <skipped/>
  </testcase> <!-- testLogo -->
  <testcase classname="dataProviderAndParallel.ParamTest" name="testTitle" time="0.0">
    <skipped/>
  </testcase> <!-- testTitle -->
  <testcase classname="dataProviderAndParallel.ParamTest" name="testUrl" time="0.0">
    <skipped/>
  </testcase> <!-- testUrl -->
</testsuite> <!-- EdgeTest -->
