<?xml version="1.0" encoding="UTF-8"?>
<!-- Generated by org.testng.reporters.JUnitXMLReporter -->
<testsuite ignored="0" hostname="inlen8520080540" failures="1" tests="3" name="Test" time="14.741" errors="0" timestamp="2025-05-05T09:45:43 IST">
  <testcase classname="listnerTestNg.OrangeHRM" name="testLogo" time="0.056"/>
  <testcase classname="listnerTestNg.OrangeHRM" name="testAppUrl" time="0.022">
    <failure type="java.lang.AssertionError" message="expected [https://opensource-demo.orangehrmlive.com/] but found [https://opensource-demo.orangehrmlive.com/web/index.php/auth/login]">
      <![CDATA[java.lang.AssertionError: expected [https://opensource-demo.orangehrmlive.com/] but found [https://opensource-demo.orangehrmlive.com/web/index.php/auth/login]
at listnerTestNg.OrangeHRM.testAppUrl(OrangeHRM.java:43)
at java.base/java.util.ArrayList.forEach(ArrayList.java:1511)
... Removed 33 stack frames]]>
    </failure>
  </testcase> <!-- testAppUrl -->
  <testcase classname="listnerTestNg.OrangeHRM" name="testHomePageTitle" time="0.001">
    <skipped/>
  </testcase> <!-- testHomePageTitle -->
</testsuite> <!-- Test -->
