<?xml version="1.0" encoding="UTF-8"?>
<!-- Generated by org.testng.reporters.JUnitReportReporter -->
<testsuite hostname="inlen8520080540" failures="0" tests="3" name="testNg_dependency_grouping.SignupTests" time="0.006" errors="0" timestamp="2025-05-04T08:59:10 IST" skipped="0">
  <testcase classname="testNg_dependency_grouping.SignupTests" name="signupbyfacebook" time="0.002"/>
  <testcase classname="testNg_dependency_grouping.SignupTests" name="signupbytwitter" time="0.003"/>
  <testcase classname="testNg_dependency_grouping.SignupTests" name="signupbyemail" time="0.001"/>
</testsuite> <!-- testNg_dependency_grouping.SignupTests -->
