<?xml version="1.0" encoding="UTF-8"?>
<!-- Generated by org.testng.reporters.JUnitReportReporter -->
<testsuite hostname="inlen8520080540" failures="0" tests="3" name="SDET_2025.LoginTest" time="7.022" errors="0" timestamp="2025-12-05T16:02:21 IST" skipped="0">
  <testcase classname="SDET_2025.LoginTest" name="loginTest" time="2.083"/>
  <testcase classname="SDET_2025.LoginTest" name="loginTest" time="2.396"/>
  <testcase classname="SDET_2025.LoginTest" name="loginTest" time="2.543"/>
</testsuite> <!-- SDET_2025.LoginTest -->
