<?xml version="1.0" encoding="UTF-8"?>
<!-- Generated by org.testng.reporters.JUnitReportReporter -->
<testsuite hostname="inlen8520080540" failures="0" tests="3" name="testNG.FirstTestCase1" time="0.004" errors="0" timestamp="2025-04-20T16:07:58 IST" skipped="0">
  <testcase classname="testNG.FirstTestCase1" name="openapp" time="0.001"/>
  <testcase classname="testNG.FirstTestCase1" name="login" time="0.002"/>
  <testcase classname="testNG.FirstTestCase1" name="logout" time="0.001"/>
</testsuite> <!-- testNG.FirstTestCase1 -->
