<?xml version="1.0" encoding="UTF-8"?>
<!-- Generated by org.testng.reporters.JUnitReportReporter -->
<testsuite hostname="inlen8520080540" failures="0" tests="3" name="testNg_dependency_grouping.LoginTests" time="0.009" errors="0" timestamp="2025-05-04T09:04:09 IST" skipped="0">
  <testcase classname="testNg_dependency_grouping.LoginTests" name="loginByEmail" time="0.007"/>
  <testcase classname="testNg_dependency_grouping.LoginTests" name="loginByFacebook" time="0.001"/>
  <testcase classname="testNg_dependency_grouping.LoginTests" name="loginBytwitter" time="0.001"/>
</testsuite> <!-- testNg_dependency_grouping.LoginTests -->
