<?xml version="1.0" encoding="UTF-8"?>
<!-- Generated by org.testng.reporters.JUnitReportReporter -->
<testsuite hostname="inlen8520080540" failures="0" tests="4" name="testNG.OrangeHRMTest1" time="11.005" errors="0" timestamp="2025-04-20T16:07:58 IST" skipped="0">
  <testcase classname="testNG.OrangeHRMTest1" name="openapp" time="7.479"/>
  <testcase classname="testNG.OrangeHRMTest1" name="testLogo" time="3.090"/>
  <testcase classname="testNG.OrangeHRMTest1" name="testLogin" time="0.271"/>
  <testcase classname="testNG.OrangeHRMTest1" name="closeApp" time="0.165"/>
</testsuite> <!-- testNG.OrangeHRMTest1 -->
