<?xml version="1.0" encoding="UTF-8"?>
<!-- Generated by org.testng.reporters.JUnitReportReporter -->
<testsuite hostname="inlen8520080540" failures="0" tests="2" name="testNg_dependency_grouping.PaymentTests" time="0.019" errors="0" timestamp="2025-05-04T09:11:09 IST" skipped="0">
  <testcase classname="testNg_dependency_grouping.PaymentTests" name="paymentinRupees" time="0.017"/>
  <testcase classname="testNg_dependency_grouping.PaymentTests" name="paymentinDollars" time="0.002"/>
</testsuite> <!-- testNg_dependency_grouping.PaymentTests -->
